<?xml version="1.0" encoding="UTF-8"?>
<testsuite name="ohtu.RunCukesTest" tests="0" skipped="0" failures="0" errors="0" timestamp="1970-01-01T00:00:00" hostname="lx7-fuxi352" time="0.0">
  <properties/>
  <system-out><![CDATA[Feature: User can log in with valid username/password-combination

  Scenario: user can login with correct password           ?[90m# ohtu/login.feature:3?[0m
    ?[32mGiven ?[0m?[32mcommand login is selected?[0m                        ?[90m# Stepdefs.command_login_selected()?[0m
    ?[32mWhen ?[0m?[32musername "?[0m?[32m?[1mpekka?[0m?[32m" and password "?[0m?[32m?[1makkep?[0m?[32m" are entered?[0m ?[90m# Stepdefs.a_username_and_password_are_entered(String,String)?[0m
    ?[32mThen ?[0m?[32msystem will respond with "?[0m?[32m?[1mlogged in?[0m?[32m"?[0m              ?[90m# Stepdefs.system_will_respond_with(String)?[0m
Feature: A new user account can be created if a proper unused username and password are given

  Scenario: can login with successfully generated account                 ?[90m# ohtu/newUser.feature:28?[0m
    ?[32mGiven ?[0m?[32muser "?[0m?[32m?[1meero?[0m?[32m" with password "?[0m?[32m?[1msalainen1?[0m?[32m" is created?[0m                ?[90m# Stepdefs.user_with_password_is_created(String,String)?[0m
    ?[32mAnd ?[0m?[32mcommand login is selected?[0m                                         ?[90m# Stepdefs.command_login_selected()?[0m
    ?[32mWhen ?[0m?[32musername "?[0m?[32m?[1meero?[0m?[32m" and password "?[0m?[32m?[1msalainen1?[0m?[32m" are entered?[0m             ?[90m# Stepdefs.a_username_and_password_are_entered(String,String)?[0m
    ?[33mThen ?[0m?[33msystem will respond with "logged in"\n"komento (new tai login):"?[0m
Feature: A new user account can be created if a proper unused username and password are given
Feature: User can log in with valid username/password-combination

  Scenario: nonexistent user can not login to                  ?[90m# ohtu/userLogin.feature:8?[0m
    ?[32mGiven ?[0m?[32mcommand login is selected?[0m                            ?[90m# Stepdefs.command_login_selected()?[0m
    ?[32mWhen ?[0m?[32musername "?[0m?[32m?[1minxu?[0m?[32m" and password "?[0m?[32m?[1mkaka?[0m?[32m" are entered?[0m       ?[90m# Stepdefs.a_username_and_password_are_entered(String,String)?[0m
    ?[32mThen ?[0m?[32msystem will respond with "?[0m?[32m?[1mwrong username or password?[0m?[32m"?[0m ?[90m# Stepdefs.system_will_respond_with(String)?[0m

9 Scenarios (?[33m1 undefined?[0m, ?[32m8 passed?[0m)
28 Steps (?[33m1 undefined?[0m, ?[32m27 passed?[0m)
0m0.082s


You can implement missing steps with the snippets below:

@Then("^system will respond with \"([^\"]*)\"\\n\"([^\"]*)\"$")
public void system_will_respond_with_n(String arg1, String arg2) throws Throwable {
    // Write code here that turns the phrase above into concrete actions
    throw new PendingException();
}

]]></system-out>
  <system-err><![CDATA[]]></system-err>
</testsuite>
