<?xml version="1.0" encoding="UTF-8"?>
<testsuite name="Scenario: user can not login with incorrect password" tests="4" skipped="0" failures="0" errors="0" timestamp="2018-11-18T08:59:28" hostname="lx7-fuxi352" time="0.002">
  <properties/>
  <testcase name="Given command login is selected" classname="Scenario: user can not login with incorrect password" time="0.0"/>
  <testcase name="When username &quot;pekka&quot; and password &quot;kakka&quot; are entered" classname="Scenario: user can not login with incorrect password" time="0.0"/>
  <testcase name="Then system will respond with &quot;wrong username or password&quot;" classname="Scenario: user can not login with incorrect password" time="0.0"/>
  <testcase name="classMethod" classname="Scenario: user can not login with incorrect password" time="0.003"/>
  <system-out><![CDATA[]]></system-out>
  <system-err><![CDATA[]]></system-err>
</testsuite>
